     1                                  %include "include/io.mac"
     2                              <1> extern   proc_nwln, proc_PutCh, proc_PutStr
     3                              <1> extern   proc_GetStr, proc_GetCh
     4                              <1> extern   proc_PutInt, proc_GetInt
     5                              <1> extern   proc_PutLInt, proc_GetLInt
     6                              <1> 
     7                              <1> ;;-------------------------------------------------------------------
     8                              <1> %macro  .STARTUP  0
     9                              <1> ;group dgroup .data .bss
    10                              <1>         global   _start
    11                              <1> _start:
    12                              <1> %endmacro
    13                              <1> ;;-------------------------------------------------------------------
    14                              <1> 
    15                              <1> 
    16                              <1> ;;-------------------------------------------------------------------
    17                              <1> %macro  .EXIT  0
    18                              <1>         mov    EAX,1
    19                              <1>         xor    EBX,EBX
    20                              <1>         int    0x80
    21                              <1> %endmacro
    22                              <1> ;;-------------------------------------------------------------------
    23                              <1> 
    24                              <1> 
    25                              <1> ;;-------------------------------------------------------------------
    26                              <1> %macro  .DATA 0
    27                              <1>         segment .data
    28                              <1> %endmacro
    29                              <1> ;;-------------------------------------------------------------------
    30                              <1> 
    31                              <1> ;;-------------------------------------------------------------------
    32                              <1> %macro  .UDATA 0
    33                              <1>         segment .bss
    34                              <1> %endmacro
    35                              <1> ;;-------------------------------------------------------------------
    36                              <1> 
    37                              <1> ;;-------------------------------------------------------------------
    38                              <1> %macro  .CODE 0
    39                              <1>         segment .data
    40                              <1>         segment .bss
    41                              <1>         segment .text
    42                              <1> %endmacro
    43                              <1> ;;-------------------------------------------------------------------
    44                              <1> 
    45                              <1> 
    46                              <1> ;;-------------------------------------------------------------------
    47                              <1> %macro  nwln  0 
    48                              <1>         call    proc_nwln
    49                              <1> %endmacro
    50                              <1> ;;-------------------------------------------------------------------
    51                              <1> 
    52                              <1> 
    53                              <1> ;;-------------------------------------------------------------------
    54                              <1> %macro  PutCh  1 
    55                              <1>         push    AX
    56                              <1>         mov     AL,%1
    57                              <1>         call    proc_PutCh
    58                              <1>         pop     AX
    59                              <1> %endmacro
    60                              <1> ;;-------------------------------------------------------------------
    61                              <1> 
    62                              <1> 
    63                              <1> ;;-------------------------------------------------------------------
    64                              <1> %macro  PutStr  1 
    65                              <1>         push    ECX
    66                              <1>         mov     ECX,%1
    67                              <1>         call    proc_PutStr
    68                              <1>         pop     ECX
    69                              <1> %endmacro
    70                              <1> ;;-------------------------------------------------------------------
    71                              <1> 
    72                              <1> 
    73                              <1> ;;-------------------------------------------------------------------
    74                              <1> %macro  GetStr  1-2 81
    75                              <1>         push    ESI
    76                              <1>         push    EDI
    77                              <1>         mov     EDI,%1
    78                              <1>         mov     ESI,%2
    79                              <1>         call    proc_GetStr
    80                              <1>         pop     EDI
    81                              <1>         pop     ESI
    82                              <1> %endmacro
    83                              <1> ;;-------------------------------------------------------------------
    84                              <1> 
    85                              <1> 
    86                              <1> ;;-------------------------------------------------------------------
    87                              <1> %macro  GetCh   1
    88                              <1>         push    SI
    89                              <1>         xor     SI,SI
    90                              <1> %ifidni %1,AL
    91                              <1>         ;inc     SI
    92                              <1>         call    proc_GetCh
    93                              <1> %elifidni %1,AH
    94                              <1>         mov     SI,1
    95                              <1>         call    proc_GetCh
    96                              <1> %else
    97                              <1>         push    AX
    98                              <1>         call    proc_GetCh
    99                              <1>         mov     %1,AL
   100                              <1>         pop     AX
   101                              <1> %endif
   102                              <1>         pop     SI
   103                              <1> %endmacro
   104                              <1> ;;-------------------------------------------------------------------
   105                              <1> 
   106                              <1> 
   107                              <1> ;;-------------------------------------------------------------------
   108                              <1> %macro  PutInt  1
   109                              <1>         push    AX
   110                              <1>         mov     AX,%1
   111                              <1>         call    proc_PutInt
   112                              <1>         pop     AX
   113                              <1> %endmacro
   114                              <1> ;;-------------------------------------------------------------------
   115                              <1> 
   116                              <1> 
   117                              <1> ;;-------------------------------------------------------------------
   118                              <1> %macro  GetInt  1
   119                              <1> %ifnidni %1,AX
   120                              <1>         push    AX
   121                              <1>         call    proc_GetInt
   122                              <1>         mov     %1,AX
   123                              <1> 	  pop     AX
   124                              <1> %else 
   125                              <1>         call  proc_GetInt
   126                              <1> %endif
   127                              <1> %endmacro
   128                              <1> ;;-------------------------------------------------------------------
   129                              <1> 
   130                              <1> ;;-------------------------------------------------------------------
   131                              <1> %macro  PutLInt  1
   132                              <1>         push    EAX
   133                              <1>         mov     EAX,%1
   134                              <1>         call    proc_PutLInt
   135                              <1>         pop     EAX
   136                              <1> %endmacro
   137                              <1> ;;-------------------------------------------------------------------
   138                              <1> 
   139                              <1> ;;-------------------------------------------------------------------
   140                              <1> %macro  GetLInt  1
   141                              <1> %ifnidni %1,EAX
   142                              <1>         push    EAX
   143                              <1>         call    proc_GetLInt
   144                              <1>         mov     %1,EAX
   145                              <1> 	  pop     EAX
   146                              <1> %else 
   147                              <1>         call  proc_GetLInt
   148                              <1> %endif
   149                              <1> %endmacro
   150                              <1> ;;-------------------------------------------------------------------
   151                              <1> 
   152                                  
   153                                  .DATA
   154                              <1>  segment .data
   155                                  	
   156 00000000 456E74657220612073-     	inputMsg db "Enter a string : ", 0
   157 00000009 7472696E67203A2000 
   158 00000012 537472696E67206973-     	pOutputMsg db "String is a palindrome.", 0
   159 0000001B 20612070616C696E64-
   160 00000024 726F6D652E00       
   161 0000002A 537472696E67206973-     	nOutputMsg db "String is not a plaindrome.", 0
   162 00000033 206E6F74206120706C-
   163 0000003C 61696E64726F6D652E-
   164 00000045 00                 
   165                                  
   166                                  .UDATA
   167                              <1>  segment .bss
   168                                  	
   169 00000000 <res 00000002>          	inputStr resw 1
   170                                  
   171                                  .CODE
   172                              <1>  segment .data
   173                              <1>  segment .bss
   174                              <1>  segment .text
   175                                  	.STARTUP
   176                              <1> 
   177                              <1>  global _start
   178                              <1> _start:
   179                                  
   180                                  	PutStr inputMsg
   181 00000000 51                  <1>  push ECX
   182 00000001 B9[00000000]        <1>  mov ECX,%1
   183 00000006 E8(00000000)        <1>  call proc_PutStr
   184 0000000B 59                  <1>  pop ECX
   185                                  	GetStr inputStr
   186 0000000C 56                  <1>  push ESI
   187 0000000D 57                  <1>  push EDI
   188 0000000E BF[00000000]        <1>  mov EDI,%1
   189 00000013 BE51000000          <1>  mov ESI,%2
   190 00000018 E8(00000000)        <1>  call proc_GetStr
   191 0000001D 5F                  <1>  pop EDI
   192 0000001E 5E                  <1>  pop ESI
   193                                  
   194 0000001F B8FFFFFFFF              	mov eax, -1
   195                                  
   196                                  	calLength:
   197                                  
   198 00000024 40                      		inc eax
   199                                  
   200 00000025 80B8[00000000]00        		cmp byte [inputStr + eax], 0x00
   201 0000002C 75F6                    		jne calLength
   202                                  
   203 0000002E BBFFFFFFFF              	mov ebx, -1
   204                                  
   205                                  	checkPalindrome:
   206                                  
   207 00000033 43                      		inc ebx
   208 00000034 48                      		dec eax
   209                                  		
   210 00000035 8A90[00000000]          		mov dl, byte [inputStr + eax]
   211 0000003B 3A93[00000000]          		cmp dl, byte [inputStr + ebx]
   212 00000041 7518                    		jne negative
   213                                  
   214 00000043 83F800                  		cmp eax, 0
   215 00000046 75EB                    		jne checkPalindrome
   216                                  
   217                                  	PutStr pOutputMsg
   218 00000048 51                  <1>  push ECX
   219 00000049 B9[12000000]        <1>  mov ECX,%1
   220 0000004E E8(00000000)        <1>  call proc_PutStr
   221 00000053 59                  <1>  pop ECX
   222                                  	nwln
   223 00000054 E8(00000000)        <1>  call proc_nwln
   224 00000059 EB11                    	jmp done
   225                                  
   226                                  	negative:
   227                                  
   228                                  		PutStr nOutputMsg
   229 0000005B 51                  <1>  push ECX
   230 0000005C B9[2A000000]        <1>  mov ECX,%1
   231 00000061 E8(00000000)        <1>  call proc_PutStr
   232 00000066 59                  <1>  pop ECX
   233                                  		nwln
   234 00000067 E8(00000000)        <1>  call proc_nwln
   235                                  
   236                                  	done:
   237                                  
   238                                  		.EXIT
   239 0000006C B801000000          <1>  mov EAX,1
   240 00000071 31DB                <1>  xor EBX,EBX
   241 00000073 CD80                <1>  int 0x80
   242                                  
